<component name="libraryTable">
  <library name="junit-4.13">
    <CLASSES>
      <root url="jar://$PROJECT_DIR$/../../5 - Data Structures/DataStructuresAndAlgorithms - Complete Materials Set/StudentWork/DSA/workspace/junit-4.13/junit-4.13.jar!/" />
    </CLASSES>
    <JAVADOC />
    <SOURCES />
  </library>
</component>